\BOOKMARK [1][-]{section.1}{\376\377\000I\000n\000t\000r\000o\000d\000u\000c\000t\000i\000o\000n}{}% 1
\BOOKMARK [1][-]{section.2}{\376\377\000R\000e\000l\000a\000t\000e\000d\000\040\000W\000o\000r\000k}{}% 2
\BOOKMARK [2][-]{subsection.2.1}{\376\377\000C\000o\000l\000l\000a\000b\000o\000r\000a\000t\000i\000v\000e\000\040\000F\000i\000l\000t\000e\000r\000i\000n\000g}{section.2}% 3
\BOOKMARK [2][-]{subsection.2.2}{\376\377\000C\000o\000n\000t\000e\000n\000t\000-\000B\000a\000s\000e\000d\000\040\000a\000n\000d\000\040\000H\000y\000b\000r\000i\000d\000\040\000M\000u\000s\000i\000c\000\040\000R\000e\000c\000o\000m\000m\000e\000n\000d\000a\000t\000i\000o\000n}{section.2}% 4
\BOOKMARK [2][-]{subsection.2.3}{\376\377\000K\000n\000o\000w\000l\000e\000d\000g\000e\000\040\000G\000r\000a\000p\000h\000-\000E\000n\000h\000a\000n\000c\000e\000d\000\040\000R\000e\000c\000o\000m\000m\000e\000n\000d\000a\000t\000i\000o\000n}{section.2}% 5
\BOOKMARK [2][-]{subsection.2.4}{\376\377\000H\000e\000t\000e\000r\000o\000g\000e\000n\000e\000o\000u\000s\000\040\000G\000r\000a\000p\000h\000\040\000N\000e\000u\000r\000a\000l\000\040\000N\000e\000t\000w\000o\000r\000k\000s}{section.2}% 6
\BOOKMARK [2][-]{subsection.2.5}{\376\377\000K\000n\000o\000w\000l\000e\000d\000g\000e\000\040\000G\000r\000a\000p\000h\000\040\000E\000m\000b\000e\000d\000d\000i\000n\000g\000s\000\040\000f\000o\000r\000\040\000S\000t\000r\000u\000c\000t\000u\000r\000a\000l\000\040\000I\000n\000i\000t\000i\000a\000l\000i\000s\000a\000t\000i\000o\000n}{section.2}% 7
\BOOKMARK [1][-]{section.3}{\376\377\000D\000a\000t\000a}{}% 8
\BOOKMARK [2][-]{subsection.3.1}{\376\377\000S\000o\000u\000r\000c\000e\000s}{section.3}% 9
\BOOKMARK [2][-]{subsection.3.2}{\376\377\000P\000r\000o\000c\000e\000s\000s\000i\000n\000g\000\040\000P\000i\000p\000e\000l\000i\000n\000e}{section.3}% 10
\BOOKMARK [1][-]{section.4}{\376\377\000K\000n\000o\000w\000l\000e\000d\000g\000e\000\040\000G\000r\000a\000p\000h\000\040\000C\000o\000n\000s\000t\000r\000u\000c\000t\000i\000o\000n}{}% 11
\BOOKMARK [2][-]{subsection.4.1}{\376\377\000O\000n\000t\000o\000l\000o\000g\000y\000\040\000D\000e\000s\000i\000g\000n}{section.4}% 12
\BOOKMARK [2][-]{subsection.4.2}{\376\377\000S\000i\000m\000p\000l\000e\000\040\000K\000n\000o\000w\000l\000e\000d\000g\000e\000\040\000G\000r\000a\000p\000h}{section.4}% 13
\BOOKMARK [2][-]{subsection.4.3}{\376\377\000R\000i\000c\000h\000\040\000K\000n\000o\000w\000l\000e\000d\000g\000e\000\040\000G\000r\000a\000p\000h}{section.4}% 14
\BOOKMARK [2][-]{subsection.4.4}{\376\377\000T\000B\000o\000x\000\040\000S\000c\000h\000e\000m\000a}{section.4}% 15
\BOOKMARK [1][-]{section.5}{\376\377\000R\000e\000p\000r\000e\000s\000e\000n\000t\000a\000t\000i\000o\000n\000\040\000L\000e\000a\000r\000n\000i\000n\000g}{}% 16
\BOOKMARK [2][-]{subsection.5.1}{\376\377\000S\000y\000m\000b\000o\000l\000i\000c\000-\000F\000e\000a\000t\000u\000r\000e\000\040\000A\000u\000t\000o\000e\000n\000c\000o\000d\000e\000r}{section.5}% 17
\BOOKMARK [2][-]{subsection.5.2}{\376\377\000K\000n\000o\000w\000l\000e\000d\000g\000e\000-\000G\000r\000a\000p\000h\000\040\000E\000m\000b\000e\000d\000d\000i\000n\000g\000s}{section.5}% 18
\BOOKMARK [2][-]{subsection.5.3}{\376\377\000F\000r\000o\000m\000\040\000K\000G\000\040\000t\000o\000\040\000L\000e\000a\000r\000n\000a\000b\000l\000e\000\040\000T\000e\000n\000s\000o\000r\000s}{section.5}% 19
\BOOKMARK [2][-]{subsection.5.4}{\376\377\000H\000e\000t\000e\000r\000o\000g\000e\000n\000e\000o\000u\000s\000\040\000G\000r\000a\000p\000h\000\040\000T\000r\000a\000n\000s\000f\000o\000r\000m\000e\000r\000\040\000\050\000H\000G\000T\000\051}{section.5}% 20
\BOOKMARK [2][-]{subsection.5.5}{\376\377\000B\000a\000s\000e\000l\000i\000n\000e\000s}{section.5}% 21
\BOOKMARK [2][-]{subsection.5.6}{\376\377\000E\000v\000a\000l\000u\000a\000t\000i\000o\000n\000\040\000P\000r\000o\000t\000o\000c\000o\000l}{section.5}% 22
\BOOKMARK [1][-]{section.6}{\376\377\000R\000e\000s\000u\000l\000t\000s}{}% 23
\BOOKMARK [2][-]{subsection.6.1}{\376\377\000K\000n\000o\000w\000l\000e\000d\000g\000e\000\040\000G\000r\000a\000p\000h\000\040\000S\000t\000a\000t\000i\000s\000t\000i\000c\000s\000\040\000a\000n\000d\000\040\000I\000n\000s\000p\000e\000c\000t\000i\000o\000n}{section.6}% 24
\BOOKMARK [2][-]{subsection.6.2}{\376\377\000A\000u\000t\000o\000e\000n\000c\000o\000d\000e\000r}{section.6}% 25
\BOOKMARK [2][-]{subsection.6.3}{\376\377\000M\000o\000d\000e\000l\000\040\000C\000o\000m\000p\000a\000r\000i\000s\000o\000n}{section.6}% 26
\BOOKMARK [2][-]{subsection.6.4}{\376\377\000M\000u\000l\000t\000i\000-\000K\000\040\000S\000e\000n\000s\000i\000t\000i\000v\000i\000t\000y}{section.6}% 27
\BOOKMARK [2][-]{subsection.6.5}{\376\377\000H\000G\000T\000\040\000A\000n\000a\000l\000y\000s\000i\000s}{section.6}% 28
\BOOKMARK [2][-]{subsection.6.6}{\376\377\000L\000a\000t\000e\000n\000t\000\040\000S\000p\000a\000c\000e\000\040\000A\000n\000a\000l\000y\000s\000i\000s}{section.6}% 29
\BOOKMARK [1][-]{section.7}{\376\377\000C\000o\000n\000c\000l\000u\000s\000i\000o\000n}{}% 30
\BOOKMARK [1][-]{section.8}{\376\377\000F\000u\000t\000u\000r\000e\000\040\000W\000o\000r\000k}{}% 31
\BOOKMARK [1][-]{section*.25}{\376\377\000A\000p\000p\000e\000n\000d\000i\000x}{}% 32
\BOOKMARK [1][-]{appendix.A}{\376\377\000E\000x\000p\000l\000o\000r\000a\000t\000o\000r\000y\000\040\000O\000v\000e\000r\000v\000i\000e\000w\000\040\000o\000f\000\040\000M\000S\000D\000\040\000F\000e\000a\000t\000u\000r\000e\000s}{}% 33
\BOOKMARK [1][-]{appendix.B}{\376\377\000U\000s\000e\000r\000\040\000T\000a\000s\000t\000e\000\040\000P\000r\000o\000f\000i\000l\000e\000\040\000D\000i\000a\000g\000n\000o\000s\000t\000i\000c\000s}{}% 34
\BOOKMARK [1][-]{appendix.C}{\376\377\000K\000G\000\040\000E\000n\000t\000i\000t\000y\000\040\000a\000n\000d\000\040\000R\000e\000l\000a\000t\000i\000o\000n\000\040\000S\000t\000a\000t\000i\000s\000t\000i\000c\000s}{}% 35
\BOOKMARK [1][-]{appendix.D}{\376\377\000S\000i\000m\000p\000l\000e\000\040\000v\000s\000.\000\040\000R\000i\000c\000h\000\040\000K\000G\000:\000\040\000S\000t\000r\000u\000c\000t\000u\000r\000a\000l\000\040\000D\000i\000f\000f\000e\000r\000e\000n\000c\000e\000s}{}% 36
\BOOKMARK [1][-]{appendix.E}{\376\377\000M\000u\000s\000i\000c\000\040\000F\000e\000a\000t\000u\000r\000e\000\040\000R\000D\000F\000\040\000M\000a\000p\000p\000i\000n\000g\000\040\000\050\000S\000i\000m\000p\000l\000e\000\040\000K\000G\000\051}{}% 37
\BOOKMARK [1][-]{appendix.F}{\376\377\000G\000r\000a\000p\000h\000D\000B\000\040\000T\000r\000a\000c\000k\000\040\000N\000o\000d\000e\000\040\000I\000n\000s\000p\000e\000c\000t\000i\000o\000n}{}% 38
\BOOKMARK [1][-]{appendix.G}{\376\377\000S\000e\000l\000e\000c\000t\000e\000d\000\040\000S\000P\000A\000R\000Q\000L\000\040\000Q\000u\000e\000r\000i\000e\000s\000\040\000a\000n\000d\000\040\000R\000e\000s\000u\000l\000t\000s}{}% 39
\BOOKMARK [1][-]{appendix.H}{\376\377\000L\000e\000a\000r\000n\000i\000n\000g\000\040\000C\000u\000r\000v\000e\000s}{}% 40
\BOOKMARK [1][-]{appendix.I}{\376\377\000M\000u\000l\000t\000i\000-\000K\000\040\000M\000o\000d\000e\000l\000\040\000C\000o\000m\000p\000a\000r\000i\000s\000o\000n}{}% 41
\BOOKMARK [1][-]{appendix.J}{\376\377\000P\000o\000p\000u\000l\000a\000t\000i\000o\000n\000-\000L\000e\000v\000e\000l\000\040\000Q\000u\000a\000l\000i\000t\000a\000t\000i\000v\000e\000\040\000C\000o\000m\000p\000a\000r\000i\000s\000o\000n}{}% 42
\BOOKMARK [1][-]{appendix.K}{\376\377\000X\000G\000B\000o\000o\000s\000t\000\040\000E\000x\000p\000l\000a\000i\000n\000a\000b\000i\000l\000i\000t\000y}{}% 43
\BOOKMARK [1][-]{appendix.L}{\376\377\000H\000G\000T\000\040\000A\000t\000t\000e\000n\000t\000i\000o\000n\000\040\000R\000a\000t\000i\000o\000n\000a\000l\000e\000s}{}% 44
\BOOKMARK [1][-]{appendix.M}{\376\377\000L\000a\000t\000e\000n\000t\000\040\000S\000p\000a\000c\000e\000\040\000A\000n\000a\000l\000y\000s\000i\000s}{}% 45
\BOOKMARK [1][-]{appendix.N}{\376\377\000Q\000u\000a\000l\000i\000t\000a\000t\000i\000v\000e\000\040\000P\000e\000r\000-\000U\000s\000e\000r\000\040\000M\000o\000d\000e\000l\000\040\000C\000o\000m\000p\000a\000r\000i\000s\000o\000n}{}% 46
